This is pdfTeX, Version 3.1415926-2.3-1.40.12 (MiKTeX 2.9) (preloaded format=pdflatex 2014.12.15)  24 JUN 2015 22:51
entering extended mode
**C:/Users/Enronfancy/Desktop/grasspaper/grass.tex
(C:/Users/Enronfancy/Desktop/grasspaper/grass.tex
LaTeX2e <2011/06/27>
Babel <v3.8m> and hyphenation patterns for loaded.
(C:\Users\Enronfancy\Desktop\grasspaper\IEEEtran.cls
Document Class: IEEEtran 2014/09/17 V1.8a by Michael Shell
-- See the "IEEEtran_HOWTO" manual for usage information.
-- http://www.michaelshell.org/tex/ieeetran/
\@IEEEtrantmpdimenA=\dimen102
\@IEEEtrantmpdimenB=\dimen103
\@IEEEtrantmpdimenC=\dimen104
\@IEEEtrantmpcountA=\count79
\@IEEEtrantmpcountB=\count80
\@IEEEtrantmpcountC=\count81
\@IEEEtrantmptoksA=\toks14
-- Using IEEE Computer Society mode.
LaTeX Font Info:    Try loading font information for OT1+ppl on input line 458.

(C:\CTEX\MiKTeX\tex\latex\psnfss\ot1ppl.fd
File: ot1ppl.fd 2001/06/04 font definitions for OT1/ppl.
)
-- Using 8.5in x 11in (letter) paper.
-- Using PDF output.
\@IEEEnormalsizeunitybaselineskip=\dimen105
-- This is a 10 point document.
\CLASSINFOnormalsizebaselineskip=\dimen106
\CLASSINFOnormalsizeunitybaselineskip=\dimen107
\IEEEnormaljot=\dimen108
LaTeX Font Info:    Font shape `OT1/ppl/bx/n' in size <5.01874> not available
(Font)              Font shape `OT1/ppl/b/n' tried instead on input line 1039.
LaTeX Font Info:    Font shape `OT1/ppl/bx/it' in size <5.01874> not available
(Font)              Font shape `OT1/ppl/b/it' tried instead on input line 1039.

LaTeX Font Info:    Font shape `OT1/ppl/bx/n' in size <7.02625> not available
(Font)              Font shape `OT1/ppl/b/n' tried instead on input line 1039.
LaTeX Font Info:    Font shape `OT1/ppl/bx/it' in size <7.02625> not available
(Font)              Font shape `OT1/ppl/b/it' tried instead on input line 1039.

LaTeX Font Info:    Font shape `OT1/ppl/bx/n' in size <8.03> not available
(Font)              Font shape `OT1/ppl/b/n' tried instead on input line 1039.
LaTeX Font Info:    Font shape `OT1/ppl/bx/it' in size <8.03> not available
(Font)              Font shape `OT1/ppl/b/it' tried instead on input line 1039.

LaTeX Font Info:    Font shape `OT1/ppl/bx/n' in size <9.03374> not available
(Font)              Font shape `OT1/ppl/b/n' tried instead on input line 1039.
LaTeX Font Info:    Font shape `OT1/ppl/bx/it' in size <9.03374> not available
(Font)              Font shape `OT1/ppl/b/it' tried instead on input line 1039.

LaTeX Font Info:    Font shape `OT1/ppl/bx/n' in size <9.53561> not available
(Font)              Font shape `OT1/ppl/b/n' tried instead on input line 1039.
LaTeX Font Info:    Font shape `OT1/ppl/bx/it' in size <9.53561> not available
(Font)              Font shape `OT1/ppl/b/it' tried instead on input line 1039.

LaTeX Font Info:    Font shape `OT1/ppl/bx/n' in size <11.04124> not available
(Font)              Font shape `OT1/ppl/b/n' tried instead on input line 1039.
LaTeX Font Info:    Font shape `OT1/ppl/bx/it' in size <11.04124> not available

(Font)              Font shape `OT1/ppl/b/it' tried instead on input line 1039.

LaTeX Font Info:    Font shape `OT1/ppl/bx/n' in size <12.045> not available
(Font)              Font shape `OT1/ppl/b/n' tried instead on input line 1039.
LaTeX Font Info:    Font shape `OT1/ppl/bx/it' in size <12.045> not available
(Font)              Font shape `OT1/ppl/b/it' tried instead on input line 1039.

LaTeX Font Info:    Font shape `OT1/ppl/bx/n' in size <17.06374> not available
(Font)              Font shape `OT1/ppl/b/n' tried instead on input line 1039.
LaTeX Font Info:    Font shape `OT1/ppl/bx/it' in size <17.06374> not available

(Font)              Font shape `OT1/ppl/b/it' tried instead on input line 1039.

LaTeX Font Info:    Font shape `OT1/ppl/bx/n' in size <20.075> not available
(Font)              Font shape `OT1/ppl/b/n' tried instead on input line 1039.
LaTeX Font Info:    Font shape `OT1/ppl/bx/it' in size <20.075> not available
(Font)              Font shape `OT1/ppl/b/it' tried instead on input line 1039.

LaTeX Font Info:    Font shape `OT1/ppl/bx/n' in size <24.09> not available
(Font)              Font shape `OT1/ppl/b/n' tried instead on input line 1039.
LaTeX Font Info:    Font shape `OT1/ppl/bx/it' in size <24.09> not available
(Font)              Font shape `OT1/ppl/b/it' tried instead on input line 1039.

\IEEEquantizedlength=\dimen109
\IEEEquantizedlengthdiff=\dimen110
\IEEEquantizedtextheightdiff=\dimen111
\IEEEilabelindentA=\dimen112
\IEEEilabelindentB=\dimen113
\IEEEilabelindent=\dimen114
\IEEEelabelindent=\dimen115
\IEEEdlabelindent=\dimen116
\IEEElabelindent=\dimen117
\IEEEiednormlabelsep=\dimen118
\IEEEiedmathlabelsep=\dimen119
\IEEEiedtopsep=\skip41
\c@section=\count82
\c@subsection=\count83
\c@subsubsection=\count84
\c@paragraph=\count85
\c@IEEEsubequation=\count86
\abovecaptionskip=\skip42
\belowcaptionskip=\skip43
\c@figure=\count87
\c@table=\count88
\@IEEEeqnnumcols=\count89
\@IEEEeqncolcnt=\count90
\@IEEEsubeqnnumrollback=\count91
\@IEEEquantizeheightA=\dimen120
\@IEEEquantizeheightB=\dimen121
\@IEEEquantizeheightC=\dimen122
\@IEEEquantizeprevdepth=\dimen123
\@IEEEquantizemultiple=\count92
\@IEEEquantizeboxA=\box26
\@IEEEtmpitemindent=\dimen124
\c@IEEEbiography=\count93
\@IEEEtranrubishbin=\box27
) (C:\CTEX\MiKTeX\tex\latex\cite\cite.sty
LaTeX Info: Redefining \cite on input line 302.
LaTeX Info: Redefining \nocite on input line 373.
Package: cite 2010/09/10  v 5.3
)
(C:\CTEX\MiKTeX\tex\latex\graphics\graphicx.sty
Package: graphicx 1999/02/16 v1.0f Enhanced LaTeX Graphics (DPC,SPQR)

(C:\CTEX\MiKTeX\tex\latex\graphics\keyval.sty
Package: keyval 1999/03/16 v1.13 key=value parser (DPC)
\KV@toks@=\toks15
)
(C:\CTEX\MiKTeX\tex\latex\graphics\graphics.sty
Package: graphics 2009/02/05 v1.0o Standard LaTeX Graphics (DPC,SPQR)

(C:\CTEX\MiKTeX\tex\latex\graphics\trig.sty
Package: trig 1999/03/16 v1.09 sin cos tan (DPC)
)
(C:\CTEX\MiKTeX\tex\latex\00miktex\graphics.cfg
File: graphics.cfg 2007/01/18 v1.5 graphics configuration of teTeX/TeXLive
)
Package graphics Info: Driver file: pdftex.def on input line 91.

(C:\CTEX\MiKTeX\tex\latex\pdftex-def\pdftex.def
File: pdftex.def 2011/05/27 v0.06d Graphics/color for pdfTeX

(C:\CTEX\MiKTeX\tex\generic\oberdiek\infwarerr.sty
Package: infwarerr 2010/04/08 v1.3 Providing info/warning/message (HO)
)
(C:\CTEX\MiKTeX\tex\generic\oberdiek\ltxcmds.sty
Package: ltxcmds 2011/04/18 v1.20 LaTeX kernel commands for general use (HO)
)
\Gread@gobject=\count94
))
\Gin@req@height=\dimen125
\Gin@req@width=\dimen126
)
(C:\CTEX\MiKTeX\tex\latex\caption\caption.sty
Package: caption 2011/11/10 v3.2e Customizing captions (AR)

(C:\CTEX\MiKTeX\tex\latex\caption\caption3.sty
Package: caption3 2011/11/01 v1.4a caption3 kernel (AR)
\captionmargin=\dimen127
\captionmargin@=\dimen128
\captionwidth=\dimen129
\caption@indent=\dimen130
\caption@parindent=\dimen131
\caption@hangindent=\dimen132
Package caption Info: Unknown document class (or package),
(caption)             standard defaults will be used.
)

Package caption Warning: Unsupported document class (or package) detected,
(caption)                usage of the caption package is not recommended.
See the caption package documentation for explanation.

Package caption Info: \@makecaption = \long macro:#1#2->\ifx \@captype \@IEEEta
blestring \footnotesize \bgroup \par \centering \@IEEEtabletopskipstrut {\norma
lfont \sffamily \footnotesize #1}\\{\normalfont \sffamily \footnotesize #2}\par
 \addvspace {0.5\baselineskip }\egroup \@IEEEtablecaptionsepspace \else \@IEEEf
igurecaptionsepspace \setbox \@tempboxa \hbox {\normalfont \sffamily \footnotes
ize {#1.}\nobreakspace #2}\ifdim \wd \@tempboxa >\hsize \setbox \@tempboxa \hbo
x {\normalfont \sffamily \footnotesize {#1.}\nobreakspace }\parbox [t]{\hsize }
{\normalfont \sffamily \footnotesize \noindent \unhbox \@tempboxa #2}\else \hbo
x to\hsize {\normalfont \sffamily \footnotesize \box \@tempboxa \hfil }\fi \fi 
.
\c@ContinuedFloat=\count95
) (C:\CTEX\MiKTeX\tex\latex\caption\subcaption.sty
Package: subcaption 2011/10/30 v1.1c Sub-captions (AR)
\c@subfigure=\count96
\c@subtable=\count97
)
(C:\Users\Enronfancy\Desktop\grasspaper\grass.aux)
LaTeX Font Info:    Checking defaults for OML/cmm/m/it on input line 380.
LaTeX Font Info:    ... okay on input line 380.
LaTeX Font Info:    Checking defaults for T1/cmr/m/n on input line 380.
LaTeX Font Info:    ... okay on input line 380.
LaTeX Font Info:    Checking defaults for OT1/cmr/m/n on input line 380.
LaTeX Font Info:    ... okay on input line 380.
LaTeX Font Info:    Checking defaults for OMS/cmsy/m/n on input line 380.
LaTeX Font Info:    ... okay on input line 380.
LaTeX Font Info:    Checking defaults for OMX/cmex/m/n on input line 380.
LaTeX Font Info:    ... okay on input line 380.
LaTeX Font Info:    Checking defaults for U/cmr/m/n on input line 380.
LaTeX Font Info:    ... okay on input line 380.

-- Lines per column: 61 (exact).
(C:\CTEX\MiKTeX\tex\context\base\supp-pdf.mkii
[Loading MPS to PDF converter (version 2006.09.02).]
\scratchcounter=\count98
\scratchdimen=\dimen133
\scratchbox=\box28
\nofMPsegments=\count99
\nofMParguments=\count100
\everyMPshowfont=\toks16
\MPscratchCnt=\count101
\MPscratchDim=\dimen134
\MPnumerator=\count102
\makeMPintoPDFobject=\count103
\everyMPtoPDFconversion=\toks17
)
Package caption Info: Begin \AtBeginDocument code.
Package caption Info: End \AtBeginDocument code.
LaTeX Font Info:    Try loading font information for OT1+phv on input line 508.

 (C:\CTEX\MiKTeX\tex\latex\psnfss\ot1phv.fd
File: ot1phv.fd 2001/06/04 scalable font definitions for OT1/phv.
)
LaTeX Font Info:    Font shape `OT1/phv/m/it' in size <11.04124> not available
(Font)              Font shape `OT1/phv/m/sl' tried instead on input line 508.
LaTeX Font Info:    Font shape `OT1/phv/bx/n' in size <8.03> not available
(Font)              Font shape `OT1/phv/b/n' tried instead on input line 508.
LaTeX Font Info:    Calculating math sizes for size <11.04124> on input line 50
8.
LaTeX Font Info:    External font `cmex10' loaded for size
(Font)              <11.04124> on input line 508.
LaTeX Font Info:    External font `cmex10' loaded for size
(Font)              <7.72884> on input line 508.
LaTeX Font Info:    External font `cmex10' loaded for size
(Font)              <5.52061> on input line 508.
LaTeX Font Info:    Try loading font information for U+pzd on input line 508.

(C:\CTEX\MiKTeX\tex\latex\psnfss\upzd.fd
File: upzd.fd 2001/06/04 font definitions for U/pzd.
)
LaTeX Font Info:    Calculating math sizes for size <8.03> on input line 508.
LaTeX Font Info:    External font `cmex10' loaded for size
(Font)              <8.03> on input line 508.
LaTeX Font Info:    External font `cmex10' loaded for size
(Font)              <5.62097> on input line 508.
LaTeX Font Info:    External font `cmex10' loaded for size
(Font)              <4.015> on input line 508.

<figs/largescene.jpg, id=1, 1274.7625pt x 501.875pt>
File: figs/largescene.jpg Graphic file (type jpg)
 <use figs/largescene.jpg>
Package pdftex.def Info: figs/largescene.jpg used on input line 508.
(pdftex.def)             Requested size: 492.03969pt x 142.26239pt.
LaTeX Font Info:    Font shape `OT1/phv/bx/n' in size <11.04124> not available
(Font)              Font shape `OT1/phv/b/n' tried instead on input line 537.
LaTeX Font Info:    Font shape `OT1/phv/bx/sc' in size <11.04124> not available

(Font)              Font shape `OT1/phv/b/sc' tried instead on input line 537.

Underfull \hbox (badness 2221) in paragraph at lines 546--547
\OT1/ppl/m/n/9.53561 re-al-i-ty(VR) de-vices and ap-pli-ca-tion-s, human-comput
er
 []


Underfull \hbox (badness 10000) in paragraph at lines 546--547

 []


Underfull \hbox (badness 10000) in paragraph at lines 548--549

 []

LaTeX Font Info:    Calculating math sizes for size <9.53561> on input line 550
.
LaTeX Font Info:    External font `cmex10' loaded for size
(Font)              <9.53561> on input line 550.
LaTeX Font Info:    External font `cmex10' loaded for size
(Font)              <6.6749> on input line 550.
LaTeX Font Info:    External font `cmex10' loaded for size
(Font)              <4.7678> on input line 550.

Underfull \hbox (badness 10000) in paragraph at lines 550--551

 []


Underfull \hbox (badness 10000) in paragraph at lines 552--553

 []


Underfull \hbox (badness 10000) in paragraph at lines 560--561

 []


Underfull \vbox (badness 10000) has occurred while \output is active []

LaTeX Font Info:    Calculating math sizes for size <7.02625> on input line 561
.
LaTeX Font Info:    External font `cmex10' loaded for size
(Font)              <7.02625> on input line 561.
LaTeX Font Info:    External font `cmex10' loaded for size
(Font)              <4.91833> on input line 561.
LaTeX Font Info:    External font `cmex10' loaded for size
(Font)              <3.51312> on input line 561.
 [1{C:/CTEX/UserData/pdftex/config/pdftex.map{Unicode.sfd}{UGBK.sfd}}


 <C:/Users/Enronfancy/Desktop/grasspaper/figs/largescene.jpg>]
Underfull \hbox (badness 1789) in paragraph at lines 562--564
[]\OT1/ppl/m/n/9.53561 Capturing grass blade with cam-er-a has not been
 []


Underfull \hbox (badness 2277) in paragraph at lines 562--564
\OT1/ppl/m/n/9.53561 be-tween hair and grass blade for their shapes and
 []


Underfull \hbox (badness 1406) in paragraph at lines 562--564
\OT1/ppl/m/n/9.53561 with d-if-fer-en-t hair ma-te-ri-al-s and change hair styl
e .
 []


Underfull \hbox (badness 10000) in paragraph at lines 562--564

 []


Underfull \hbox (badness 3557) in paragraph at lines 565--566
[]\OT1/ppl/m/n/9.53561 In pre-vi-ous work-s, grass is moved a-side when
 []


Underfull \hbox (badness 4621) in paragraph at lines 565--566
\OT1/ppl/m/n/9.53561 in-ter-ac-tion be-tween grass and ob-jec-t hap-pen-s [13].

 []


Underfull \hbox (badness 10000) in paragraph at lines 565--566

 []

<figs/test.jpg, id=12, 978.65625pt x 376.40625pt>
File: figs/test.jpg Graphic file (type jpg)
 <use figs/test.jpg>
Package pdftex.def Info: figs/test.jpg used on input line 574.
(pdftex.def)             Requested size: 492.04475pt x 142.26622pt.

Underfull \hbox (badness 10000) in paragraph at lines 579--580

 []


Underfull \hbox (badness 10000) in paragraph at lines 581--582

 []


Underfull \hbox (badness 2753) in paragraph at lines 583--584
\OT1/ppl/m/n/9.53561 re-fin-ing al-go-rith-m to do sim-pli-fi-ca-tion. This pro
-cess
 []


Underfull \hbox (badness 10000) in paragraph at lines 583--584

 []


Underfull \hbox (badness 10000) in paragraph at lines 585--586

 []

<figs/test2.jpg, id=13, 752.8125pt x 526.96875pt>
File: figs/test2.jpg Graphic file (type jpg)
 <use figs/test2.jpg>
Package pdftex.def Info: figs/test2.jpg used on input line 592.
(pdftex.def)             Requested size: 233.0708pt x 142.26738pt.
LaTeX Font Info:    Font shape `OT1/phv/bx/n' in size <9.53561> not available
(Font)              Font shape `OT1/phv/b/n' tried instead on input line 599.
 [2]
File: figs/test2.jpg Graphic file (type jpg)

<use figs/test2.jpg>
Package pdftex.def Info: figs/test2.jpg used on input line 605.
(pdftex.def)             Requested size: 233.0708pt x 142.26738pt.

Underfull \vbox (badness 1881) has occurred while \output is active []

File: figs/test2.jpg Graphic file (type jpg)

<use figs/test2.jpg>
Package pdftex.def Info: figs/test2.jpg used on input line 615.
(pdftex.def)             Requested size: 233.0708pt x 142.26738pt.
 (C:\Users\Enronfancy\Desktop\grasspaper\grass.bbl [3 <C:/Users/Enronfancy/Desk
top/grasspaper/figs/test.jpg> <C:/Users/Enronfancy/Desktop/grasspaper/figs/test
2.jpg>]) [4]
(C:\Users\Enronfancy\Desktop\grasspaper\grass.aux) ) 
Here is how much of TeX's memory you used:
 3257 strings out of 495354
 53885 string characters out of 3183858
 118807 words of memory out of 3000000
 6419 multiletter control sequences out of 15000+200000
 46652 words of font info for 95 fonts, out of 3000000 for 9000
 17 hyphenation exceptions out of 8191
 36i,8n,38p,2387b,301s stack positions out of 5000i,500n,10000p,200000b,50000s
{C:/CTEX/MiKTeX/fonts/enc/d
vips/fontname/8r.enc}<C:/CTEX/MiKTeX/fonts/type1/public/amsfonts/cm/cmr10.pfb><
C:/CTEX/MiKTeX/fonts/type1/urw/helvetic/uhvb8a.pfb><C:/CTEX/MiKTeX/fonts/type1/
urw/helvetic/uhvr8a.pfb><C:/CTEX/MiKTeX/fonts/type1/urw/helvetic/uhvro8a.pfb><C
:/CTEX/MiKTeX/fonts/type1/urw/palatino/uplr8a.pfb><C:/CTEX/MiKTeX/fonts/type1/u
rw/palatino/uplri8a.pfb><C:/CTEX/MiKTeX/fonts/type1/urw/zapfding/uzdr.pfb>
Output written on grass.pdf (4 pages, 1007937 bytes).
PDF statistics:
 47 PDF objects out of 1000 (max. 8388607)
 0 named destinations out of 1000 (max. 500000)
 16 words of extra memory for PDF output out of 10000 (max. 10000000)

